Failed to scrape https://www.bloomberg.com/news/special-reports/gadgets-with-gurman: time data 'special-reports' does not match format '%Y-%m-%d'
Failed to scrape https://www.bloomberg.com/news/terminal/OS7J0CMEQTXD: time data 'terminal' does not match format '%Y-%m-%d'
Empty Article in {'article': '',
 'date': '2017-04-12 00:00:00',
 'link': 'https://www.bloomberg.com/news/videos/2017-04-12/a-first-look-at-samsung-s-galaxy-s8-video',
 'title': u"A First Look at Samsung's Galaxy S8 - Bloomberg"}
Empty Article in {'article': '',
 'date': '2017-04-19 00:00:00',
 'link': 'https://www.bloomberg.com/news/videos/2017-04-19/gadgets-with-gurman-buy-now-or-wait-for-iphone-8-video',
 'title': u'Gadgets With Gurman: Buy Now or Wait for iPhone 8? - Bloomberg'}
Empty Article in {'article': '',
 'date': '2017-05-04 00:00:00',
 'link': 'https://www.bloomberg.com/news/videos/2017-05-04/exclusive-look-microsoft-s-surface-laptop-video',
 'title': u'Gadgets with Gurman: Everything About the Surface Laptop - Bloomberg'}
Empty Article in {'article': '',
 'date': '2017-05-04 00:00:00',
 'link': 'https://www.bloomberg.com/news/videos/2017-05-04/fitbit-alta-a-good-first-wearable-video',
 'title': u'Fitbit Alta HR: A Good First Wearable - Bloomberg'}
Failed to scrape https://www.bloomberg.com/news/terminal/OR3OIY6KLVRR: time data 'terminal' does not match format '%Y-%m-%d'
Empty Article in {'article': '',
 'date': '2017-05-11 00:00:00',
 'link': 'https://www.bloomberg.com/news/videos/2017-05-11/retro-phones-are-back-and-may-be-good-for-business-video',
 'title': u'Retro Phones Are Back and May Be Good for Business Users - Bloomberg'}
Empty Article in {'article': '',
 'date': '2017-05-24 00:00:00',
 'link': 'https://www.bloomberg.com/news/videos/2017-05-24/wwdc-and-what-s-next-for-apple-video',
 'title': u"WWDC and What's Next for Apple - Bloomberg"}
Failed to scrape https://www.bloomberg.com/news/terminal/OQ5PFZ3MMTC0: time data 'terminal' does not match format '%Y-%m-%d'
Failed to scrape https://www.bloomberg.com/news/terminal/OS4OI83MSFLS: time data 'terminal' does not match format '%Y-%m-%d'
Failed to scrape https://www.bloomberg.com/news/terminal/OM8UIM6JTSE8: time data 'terminal' does not match format '%Y-%m-%d'
Failed to scrape https://www.bloomberg.com/news/terminal/NZI2NN6S9728: time data 'terminal' does not match format '%Y-%m-%d'
Empty Article in {'article': '',
 'date': '2017-06-26 00:00:00',
 'link': 'https://www.bloomberg.com/news/videos/2017-06-26/nestle-targeted-by-dan-loeb-in-3-5-billion-bet-video',
 'title': u'Nestle Targeted by Dan Loeb in $3.5 Billion Bet  - Bloomberg'}
Empty Article in {'article': '',
 'date': '2017-06-06 00:00:00',
 'link': 'https://www.bloomberg.com/news/videos/2017-06-06/full-show-bloomberg-technology-06-05-video',
 'title': u'Full Show: Bloomberg Technology (06/05) - Bloomberg'}
Empty Article in {'article': '',
 'date': '2017-06-26 00:00:00',
 'link': 'https://www.bloomberg.com/news/videos/2017-06-26/bmw-ceo-on-u-s-production-and-trade-x7-brexit-video',
 'title': u"BMW CEO Calls America 'Second Home' for German Automaker  - Bloomberg"}
Empty Article in {'article': '',
 'date': '2017-06-06 00:00:00',
 'link': 'https://www.bloomberg.com/news/videos/2017-06-06/full-show-what-d-you-miss-06-05-video',
 'title': u"Full Show: What'd You Miss? (06/05)\t - Bloomberg"}
Empty Article in {'article': '',
 'date': '2017-06-26 00:00:00',
 'link': 'https://www.bloomberg.com/news/videos/2017-06-26/analyst-sees-gold-finding-path-from-confusing-trade-video',
 'title': u'Analyst Sees Gold Finding Path From Confusing Trade - Bloomberg'}
Empty Article in {'article': '',
 'date': '2017-06-26 00:00:00',
 'link': 'https://www.bloomberg.com/news/videos/2017-06-26/trump-s-travel-ban-partially-revived-by-high-court-video',
 'title': u"Trump's Travel Ban Partially Revived by High Court  - Bloomberg"}
Empty Article in {'article': '',
 'date': '2017-06-26 00:00:00',
 'link': 'https://www.bloomberg.com/news/videos/2017-06-26/what-you-ll-pay-after-india-s-massive-tax-overhaul-video',
 'title': u"Here's What You'll Pay After India's Massive Tax Overhaul - Bloomberg"}
Empty Article in {'article': '',
 'date': '2017-06-26 00:00:00',
 'link': 'https://www.bloomberg.com/news/videos/2017-06-26/malaysia-s-100-billion-city-hits-a-roadblock-video',
 'title': u"Malaysia's $100 Billion City Hits a Roadblock - Bloomberg"}
Failed to scrape https://www.bloomberg.com/news/terminal/OM6XK0MEWG7Q: time data 'terminal' does not match format '%Y-%m-%d'
Failed to scrape https://www.bloomberg.com/news/terminal/OS7CFG3HBS3K: time data 'terminal' does not match format '%Y-%m-%d'
Failed to scrape https://www.bloomberg.com/news/terminal/OS5MQ13TCF0H: time data 'terminal' does not match format '%Y-%m-%d'
Failed to scrape https://www.bloomberg.com/news/terminal/OS71KX6JTSE9: time data 'terminal' does not match format '%Y-%m-%d'
Failed to scrape https://www.bloomberg.com/news/terminal/ORW8WK6TTDS2: time data 'terminal' does not match format '%Y-%m-%d'
Failed to scrape https://www.bloomberg.com/news/terminal/OS3FH36KLVR6: time data 'terminal' does not match format '%Y-%m-%d'
Failed to scrape https://www.bloomberg.com/news/terminal/OS00VC6TTDS0: time data 'terminal' does not match format '%Y-%m-%d'
Empty Article in {'article': '',
 'date': '2017-06-27 00:00:00',
 'link': 'https://www.bloomberg.com/news/videos/2017-06-27/north-american-insurers-eye-aussie-bonds-video',
 'title': u'North American Insurers Eye Aussie Bonds - Bloomberg'}
Empty Article in {'article': '',
 'date': '2017-06-24 00:00:00',
 'link': 'https://www.bloomberg.com/news/videos/2017-06-24/full-show-bloomberg-technology-06-23-video',
 'title': u'Full Show: Bloomberg Technology (06/23) - Bloomberg'}
Empty Article in {'article': '',
 'date': '2017-06-27 00:00:00',
 'link': 'https://www.bloomberg.com/news/videos/2017-06-27/full-show-bloomberg-technology-06-26-video',
 'title': u'Full Show: Bloomberg Technology (06/26) - Bloomberg'}
Empty Article in {'article': '',
 'date': '2017-06-26 00:00:00',
 'link': 'https://www.bloomberg.com/news/videos/2017-06-26/u-s-stocks-start-the-week-mixed-as-dollar-waffles-video',
 'title': u'U.S. Stocks Start the Week Mixed as the Dollar Waffles - Bloomberg'}
Empty Article in {'article': '',
 'date': '2017-06-26 00:00:00',
 'link': 'https://www.bloomberg.com/news/videos/2017-06-26/full-show-bloomberg-daybreak-americas-06-22-video',
 'title': u'Full Show: Bloomberg Daybreak: Americas (06/22) - Bloomberg'}
Empty Article in {'article': '',
 'date': '2017-06-22 00:00:00',
 'link': 'https://www.bloomberg.com/news/videos/2017-06-22/td-s-misra-says-markets-watch-health-care-for-taxes-video',
 'title': u"TD's Misra Says Markets Watch Health Care for Taxes - Bloomberg"}
Empty Article in {'article': '',
 'date': '2017-06-23 00:00:00',
 'link': 'https://www.bloomberg.com/news/videos/2017-06-23/centene-ceo-says-health-bill-has-come-a-long-way-video',
 'title': u'Centene CEO Says GOP Health Bill Has Come a Long Way - Bloomberg'}
Empty Article in {'article': '',
 'date': '2017-06-23 00:00:00',
 'link': 'https://www.bloomberg.com/news/videos/2017-06-23/berkeley-s-zucman-tax-evasion-rises-with-wealth-video',
 'title': u"Berkeley's Zucman Says Tax Evasion Rises With Wealth - Bloomberg"}
Empty Article in {'article': '',
 'date': '2017-06-26 00:00:00',
 'link': 'https://www.bloomberg.com/news/videos/2017-06-26/apple-leases-hertz-cars-to-test-self-driving-tech-video',
 'title': u'Apple Leases Cars From Hertz to Test Self-Driving Tech - Bloomberg'}
Failed to scrape https://www.bloomberg.com/news/terminal/ORKG1H6S9728: time data 'terminal' does not match format '%Y-%m-%d'
Failed to scrape https://www.bloomberg.com/news/terminal/OLJM0B3H0JK0: time data 'terminal' does not match format '%Y-%m-%d'
Empty Article in {'article': '',
 'date': '2015-11-03 00:00:00',
 'link': 'https://www.bloomberg.com/news/videos/2015-11-03/global-entry-expanded-to-include-u-k-citizens',
 'title': u'Global Entry Expanded to Include U.K. Citizens  - Bloomberg'}
Empty Article in {'article': '',
 'date': '2017-06-21 00:00:00',
 'link': 'https://www.bloomberg.com/news/videos/2017-06-21/fannie-mae-freddie-mac-plan-worries-bond-investors-video',
 'title': u'Fannie Mae-Freddie Mac Plan Worries Bond Investors - Bloomberg'}
Empty Article in {'article': '',
 'date': '2017-06-22 00:00:00',
 'link': 'https://www.bloomberg.com/news/videos/2017-06-22/non-performing-loans-are-china-s-new-gold-rush-video',
 'title': u"Non-Performing Loans Are China's New Gold Rush - Bloomberg"}
Empty Article in {'article': '',
 'date': '2017-06-22 00:00:00',
 'link': 'https://www.bloomberg.com/news/videos/2017-06-22/kespry-ceo-says-trump-was-receptive-to-drone-tech-video',
 'title': u'Kespry CEO Says Trump Was Receptive to Drone Tech - Bloomberg'}
Empty Article in {'article': '',
 'date': '2017-06-27 00:00:00',
 'link': 'https://www.bloomberg.com/news/videos/2017-06-27/hsbc-s-major-says-mexico-a-long-term-favorite-in-em-video',
 'title': u"HSBC's Major Says Mexico a Long-Term Favorite in EM - Bloomberg"}
Empty Article in {'article': '',
 'date': '2017-06-27 00:00:00',
 'link': 'https://www.bloomberg.com/news/videos/2017-06-27/professor-saikal-says-saudi-demands-unreasonable-video',
 'title': u'Professor Saikal Says Saudi Demands Are Unreasonable - Bloomberg'}
Empty Article in {'article': '',
 'date': '2017-06-27 00:00:00',
 'link': 'https://www.bloomberg.com/news/videos/2017-06-27/el-erian-fed-didn-t-make-mistake-by-hiking-rates-video',
 'title': u'El-Erian Says Fed Was Right in Hiking Rates - Bloomberg'}
Empty Article in {'article': '',
 'date': '2017-06-27 00:00:00',
 'link': 'https://www.bloomberg.com/news/videos/2017-06-27/markets-react-to-boe-plan-to-raise-capital-buffer-video',
 'title': u'Markets React to BOE Plan to Raise Capital Buffer - Bloomberg'}
Empty Article in {'article': '',
 'date': '2017-06-26 00:00:00',
 'link': 'https://www.bloomberg.com/news/videos/2017-06-26/blackrock-brexit-uncertainty-in-u-k-parliament-video',
 'title': u'BlackRock Sees Brexit Uncertainty in U.K. Parliament - Bloomberg'}
Empty Article in {'article': '',
 'date': '2017-04-03 00:00:00',
 'link': 'https://www.bloomberg.com/news/videos/2017-04-03/credit-suisse-in-five-nation-tax-probe-video',
 'title': u'Credit Suisse in Five-Nation Tax Probe - Bloomberg'}
Empty Article in {'article': '',
 'date': '2017-04-03 00:00:00',
 'link': 'https://www.bloomberg.com/news/videos/2017-04-03/credit-suisse-tax-probe-complicates-turnaround-plan-video',
 'title': u"Credit Suisse Tax Probe Complicates Thiam's Turnaround - Bloomberg"}
Empty Article in {'article': '',
 'date': '2017-06-22 00:00:00',
 'link': 'https://www.bloomberg.com/news/videos/2017-06-22/full-show-bloomberg-technology-06-21-video',
 'title': u'Full Show: Bloomberg Technology (06/21) - Bloomberg'}
Failed to scrape https://www.bloomberg.com/news/terminal/OGTX85BE5TS0: time data 'terminal' does not match format '%Y-%m-%d'
Failed to scrape https://www.bloomberg.com/news/terminal/NYUB4Y6VDKHS: time data 'terminal' does not match format '%Y-%m-%d'
Empty Article in {'article': '',
 'date': '2017-04-04 00:00:00',
 'link': 'https://www.bloomberg.com/news/videos/2017-04-04/full-show-surveillance-04-04-video',
 'title': u'Full Show: Surveillance (04/04) - Bloomberg'}
Empty Article in {'article': '',
 'date': '2017-04-04 00:00:00',
 'link': 'https://www.bloomberg.com/news/videos/2017-04-04/full-show-bloomberg-daybreak-americas-04-03-video',
 'title': u'Full Show: Bloomberg Daybreak: Americas (04/03) - Bloomberg'}
Failed to scrape https://www.bloomberg.com/news/terminal/O6CJ7X1ATLYA: time data 'terminal' does not match format '%Y-%m-%d'
Empty Article in {'article': '',
 'date': '2017-06-22 00:00:00',
 'link': 'https://www.bloomberg.com/news/videos/2017-06-22/robeco-msci-inclusion-means-china-taken-seriously-video',
 'title': u'Robeco Says MSCI Inclusion Means China Taken Seriously - Bloomberg'}
Empty Article in {'article': '',
 'date': '2017-06-23 00:00:00',
 'link': 'https://www.bloomberg.com/news/videos/2017-06-23/full-show-what-d-you-miss-06-22-video',
 'title': u"Full Show: What'd You Miss? (06/22) - Bloomberg"}
Empty Article in {'article': '',
 'date': '2017-03-23 00:00:00',
 'link': 'https://www.bloomberg.com/news/videos/2017-03-23/how-fintech-is-changing-business-video',
 'title': u'How Fintech Is Changing Business - Bloomberg'}
Empty Article in {'article': '',
 'date': '2017-03-23 00:00:00',
 'link': 'https://www.bloomberg.com/news/videos/2017-03-23/dfsa-need-to-do-more-to-combat-money-laundering-video',
 'title': u'DFSA CEO Sees Need to Do More to Combat Money Laundering - Bloomberg'}
Empty Article in {'article': '',
 'date': '2017-05-09 00:00:00',
 'link': 'https://www.bloomberg.com/news/videos/2017-05-09/leading-chinese-bank-pulls-atms-from-macau-video',
 'title': u'Leading Chinese Bank Pulls ATMs from Macau - Bloomberg'}
Empty Article in {'article': '',
 'date': '2017-03-22 00:00:00',
 'link': 'https://www.bloomberg.com/news/videos/2017-03-22/full-show-surveillance-03-22-video',
 'title': u'Full Show: Surveillance (03/22) - Bloomberg'}
Empty Article in {'article': '',
 'date': '2017-06-23 00:00:00',
 'link': 'https://www.bloomberg.com/news/videos/2017-06-23/wharton-s-garrett-says-china-is-rival-to-u-s-video',
 'title': u"Wharton Schools' Garrett Says China Is Rival to U.S. - Bloomberg"}
Failed to scrape https://www.bloomberg.com/news/terminal/OF1HG31ATLKW: time data 'terminal' does not match format '%Y-%m-%d'
Empty Article in {'article': '',
 'date': '2017-06-20 00:00:00',
 'link': 'https://www.bloomberg.com/news/videos/2017-06-20/fourth-time-a-charm-china-a-shares-join-msci-video',
 'title': u'Fourth Time a Charm, China A-Shares Join MSCIv - Bloomberg'}
Empty Article in {'article': '',
 'date': '2017-06-01 00:00:00',
 'link': 'https://www.bloomberg.com/news/videos/2017-06-01/full-show-surveillance-05-30-video',
 'title': u'Full Show: Surveillance (05/30) - Bloomberg'}
Failed to scrape https://www.bloomberg.com/news/terminal/OEKQQ0MEWG7M: time data 'terminal' does not match format '%Y-%m-%d'
Empty Article in {'article': '',
 'date': '2017-06-01 00:00:00',
 'link': 'https://www.bloomberg.com/news/videos/2017-06-01/full-show-bloomberg-daybreak-americas-05-31-video',
 'title': u'Full Show: Bloomberg Daybreak: Americas (05/31) - Bloomberg'}
Empty Article in {'article': '',
 'date': '2017-06-01 00:00:00',
 'link': 'https://www.bloomberg.com/news/videos/2017-06-01/full-show-surveillance-05-31-video',
 'title': u'Full Show: Surveillance (05/31) - Bloomberg'}
Failed to scrape https://www.bloomberg.com/news/terminal/ORKLJH6S9729: time data 'terminal' does not match format '%Y-%m-%d'
Empty Article in {'article': '',
 'date': '2017-06-23 00:00:00',
 'link': 'https://www.bloomberg.com/news/videos/2017-06-23/full-show-bloomberg-real-yield-06-23-video',
 'title': u'Full Show: Bloomberg Real Yield (06/23) - Bloomberg'}
Failed to scrape https://www.bloomberg.com/news/terminal/OHGK9GBE07IA: time data 'terminal' does not match format '%Y-%m-%d'
Failed to scrape https://www.bloomberg.com/news/terminal/OF8YE36KLVR7: time data 'terminal' does not match format '%Y-%m-%d'
Empty Article in {'article': '',
 'date': '2017-06-26 00:00:00',
 'link': 'https://www.bloomberg.com/news/videos/2017-06-26/ubs-perrott-challenging-environment-for-investors-video',
 'title': u"UBS' Perrott Sees Challenging Environment for Investors - Bloomberg"}
Empty Article in {'article': '',
 'date': '2017-06-27 00:00:00',
 'link': 'https://www.bloomberg.com/news/videos/2017-06-27/china-s-opaque-dollar-debt-curbs-video',
 'title': u"China's Opaque Dollar Debt Curbs - Bloomberg"}
Failed to scrape https://www.bloomberg.com/news/terminal/ORYFAN1BWXFU: time data 'terminal' does not match format '%Y-%m-%d'
Failed to scrape https://www.bloomberg.com/news/terminal/OBLMYQ6JIJUW: time data 'terminal' does not match format '%Y-%m-%d'
Empty Article in {'article': '',
 'date': '2017-06-26 00:00:00',
 'link': 'https://www.bloomberg.com/news/videos/2017-06-26/rio-tinto-shareholder-vote-on-yancoal-bid-video',
 'title': u'Rio Tinto Shareholder Vote on Yancoal Bid - Bloomberg'}
Empty Article in {'article': '',
 'date': '2017-06-26 00:00:00',
 'link': 'https://www.bloomberg.com/news/videos/2017-06-26/queensland-treasurer-sees-recovery-in-tourism-video',
 'title': u'Queensland Treasurer Sees Massive Recovery in Tourism - Bloomberg'}
Empty Article in {'article': '',
 'date': '2017-06-19 00:00:00',
 'link': 'https://www.bloomberg.com/news/videos/2017-06-19/jack-ma-plans-to-create-a-million-jobs-in-u-s-video',
 'title': u'Alibaba\u2019s Jack Ma Plans to Create a Million Jobs in U.S. - Bloomberg'}
Empty Article in {'article': '',
 'date': '2017-06-16 00:00:00',
 'link': 'https://www.bloomberg.com/news/videos/2017-06-16/full-show-what-d-you-miss-06-15-video',
 'title': u"Full Show: What'd You Miss? (06/15) - Bloomberg"}
Empty Article in {'article': '',
 'date': '2017-06-16 00:00:00',
 'link': 'https://www.bloomberg.com/news/videos/2017-06-16/full-show-surveillance-06-16-video',
 'title': u'Full Show: Surveillance (06/16) - Bloomberg'}
Empty Article in {'article': '',
 'date': '2017-06-16 00:00:00',
 'link': 'https://www.bloomberg.com/news/videos/2017-06-16/full-show-bloomberg-daybreak-americas-06-16-video',
 'title': u'Full Show: Bloomberg Daybreak: Americas (06/16) - Bloomberg'}
Empty Article in {'article': '',
 'date': '2017-06-27 00:00:00',
 'link': 'https://www.bloomberg.com/news/videos/2017-06-27/hsbc-s-major-says-ecb-to-stay-loose-for-long-time-video',
 'title': u"HSBC's Major Says ECB to Stay Loose for Very Long Time - Bloomberg"}
Empty Article in {'article': '',
 'date': '2017-06-26 00:00:00',
 'link': 'https://www.bloomberg.com/news/videos/2017-06-26/latham-watkins-trotter-ipo-reforms-have-worked-video',
 'title': u'Latham & Watkins Partner Says IPO Reforms Have Worked - Bloomberg'}
Empty Article in {'article': '',
 'date': '2017-06-14 00:00:00',
 'link': 'https://www.bloomberg.com/news/videos/2017-06-14/yellen-fed-has-taken-note-of-weak-inflation-data-video',
 'title': u'Yellen Says Fed Has Taken Note of Weak Inflation Readings - Bloomberg'}
Empty Article in {'article': '',
 'date': '2017-06-26 00:00:00',
 'link': 'https://www.bloomberg.com/news/videos/2017-06-26/tiaa-s-nick-sees-lack-of-perceived-m-a-opportunity-video',
 'title': u"TIAA's Nick Sees Lack of Perceived M&A Opportunity - Bloomberg"}
Empty Article in {'article': '',
 'date': '2017-06-26 00:00:00',
 'link': 'https://www.bloomberg.com/news/videos/2017-06-26/de-beers-identifies-asia-as-key-growth-region-video',
 'title': u'De Beers Identifies Asia as Key Diamond Growth Region - Bloomberg'}
Empty Article in {'article': '',
 'date': '2017-06-14 00:00:00',
 'link': 'https://www.bloomberg.com/news/videos/2017-06-14/full-show-surveillance-06-13-video',
 'title': u'Full Show: Surveillance (06/13) - Bloomberg'}
Empty Article in {'article': '',
 'date': '2017-06-12 00:00:00',
 'link': 'https://www.bloomberg.com/news/videos/2017-06-12/accor-says-china-is-biggest-hotel-story-of-century-video',
 'title': u"Accor's CEO Says China Is Biggest Hotel Story of Century - Bloomberg"}
Empty Article in {'article': '',
 'date': '2017-06-18 00:00:00',
 'link': 'https://www.bloomberg.com/news/videos/2017-06-18/myanmar-s-tourism-dream-fades-away-video',
 'title': u"Myanmar's Tourism Dream Fades Away  - Bloomberg"}
Empty Article in {'article': '',
 'date': '2017-06-22 00:00:00',
 'link': 'https://www.bloomberg.com/news/videos/2017-06-22/tui-ceo-says-weaker-pound-dampens-tourism-demand-video',
 'title': u'TUI CEO Says Weaker Pound Dampens Demand for Tourism - Bloomberg'}
Empty Article in {'article': '',
 'date': '2017-06-16 00:00:00',
 'link': 'https://www.bloomberg.com/news/videos/2017-06-16/bloomberg-markets-the-trump-economy-6-16-video',
 'title': u'Bloomberg Markets: The Trump Economy 6/16 - Bloomberg'}
Empty Article in {'article': '',
 'date': '2017-06-21 00:00:00',
 'link': 'https://www.bloomberg.com/news/videos/2017-06-21/full-show-bloomberg-daybreak-americas-06-21-video',
 'title': u'Full Show: Bloomberg Daybreak: Americas (06/21) - Bloomberg'}
Failed to scrape https://www.bloomberg.com/news/terminal/OP15243H0JK0: time data 'terminal' does not match format '%Y-%m-%d'
Empty Article in {'article': '',
 'date': '2017-06-23 00:00:00',
 'link': 'https://www.bloomberg.com/news/videos/2017-06-23/ireland-s-donohoe-says-aib-s-prospects-very-good-video',
 'title': u"Ireland's Donohoe Says AIB's Prospects Are Very Good - Bloomberg"}
Failed to scrape https://www.bloomberg.com/news/terminal/O5YMNR6S9728: time data 'terminal' does not match format '%Y-%m-%d'
Empty Article in {'article': '',
 'date': '2014-11-07 00:00:00',
 'link': 'https://www.bloomberg.com/news/videos/2014-11-07/the-carryon-that-will-change-how-you-travel',
 'title': u'The New Carry-On That Charges Your Phone, Locks Itself - Bloomberg'}
Failed to scrape https://www.bloomberg.com/news/terminal/OLFTFH6S9728: time data 'terminal' does not match format '%Y-%m-%d'
Empty Article in {'article': '',
 'date': '2017-03-30 00:00:00',
 'link': 'https://www.bloomberg.com/news/videos/2017-03-30/altman-sees-70-chance-of-u-s-tax-reform-video',
 'title': u"Evercore's Altman Sees 70% Chance of U.S. Tax Reform - Bloomberg"}
Failed to scrape https://www.bloomberg.com/news/terminal/OMIFPS3H65TS: time data 'terminal' does not match format '%Y-%m-%d'
Failed to scrape https://www.bloomberg.com/news/terminal/OPDNTW3V7U9S: time data 'terminal' does not match format '%Y-%m-%d'
Failed to scrape https://www.bloomberg.com/news/terminal/OB9Z1C6KLVRG: time data 'terminal' does not match format '%Y-%m-%d'
Failed to scrape https://www.bloomberg.com/news/terminal/OBADMYAIBMDE: time data 'terminal' does not match format '%Y-%m-%d'
Failed to scrape https://www.bloomberg.com/news/terminal/OA51KE6TTDS6: time data 'terminal' does not match format '%Y-%m-%d'
Empty Article in {'article': '',
 'date': '2017-06-23 00:00:00',
 'link': 'https://www.bloomberg.com/news/videos/2017-06-23/harte-calvasina-on-the-impact-of-bank-stress-tests-video',
 'title': u'Harte, Calvasina on the Impact of Bank Stress Tests - Bloomberg'}
Empty Article in {'article': '',
 'date': '2017-06-26 00:00:00',
 'link': 'https://www.bloomberg.com/news/videos/2017-06-26/j-j-ceo-gorsky-on-m-a-health-care-tax-reform-video',
 'title': u'J&J CEO Gorsky on M&A, Health Care, Tax Reform - Bloomberg'}
Empty Article in {'article': '',
 'date': '2017-06-26 00:00:00',
 'link': 'https://www.bloomberg.com/news/videos/2017-06-26/starbucks-cfo-says-growth-not-reliant-on-tax-reform-video',
 'title': u'Starbucks CFO Sees Most Growth in Mornings and Mobile - Bloomberg'}
Empty Article in {'article': '',
 'date': '2017-06-26 00:00:00',
 'link': 'https://www.bloomberg.com/news/videos/2017-06-26/j-j-ceo-gorsky-says-u-s-tax-reform-is-essential-video',
 'title': u'J&J CEO Gorsky Says U.S. Tax Reform Is Essential - Bloomberg'}
Failed to scrape https://www.bloomberg.com/news/terminal/OK8NUG6VDKHT: time data 'terminal' does not match format '%Y-%m-%d'
Failed to scrape https://www.bloomberg.com/news/terminal/OHD9HX3V7U9S: time data 'terminal' does not match format '%Y-%m-%d'
Failed to scrape https://www.bloomberg.com/news/videos/b/129b6056-6c75-4e56-8759-cb428e0bcd31: time data 'b' does not match format '%Y-%m-%d'
Empty Article in {'article': '',
 'date': '2014-09-26 00:00:00',
 'link': 'https://www.bloomberg.com/news/videos/2014-09-26/black-tomato-fulfilling-your-luxury-travel-fantasy',
 'title': u'Black Tomato: Fulfilling Your Luxury Travel Fantasy - Bloomberg'}
Failed to scrape https://www.bloomberg.com/news/terminal/O8XI346JTSEB: time data 'terminal' does not match format '%Y-%m-%d'
Empty Article in {'article': '',
 'date': '2016-02-16 00:00:00',
 'link': 'https://www.bloomberg.com/news/videos/2016-02-16/crystal-cruises-luxury-on-the-high-seas',
 'title': u'Crystal Cruises: Luxury on the High Seas - Bloomberg'}
Failed to scrape https://www.bloomberg.com/news/terminal/OHBTH8BE07I8: time data 'terminal' does not match format '%Y-%m-%d'
Failed to scrape https://www.bloomberg.com/news/terminal/O5SYJ96JTSEC: time data 'terminal' does not match format '%Y-%m-%d'
Failed to scrape https://www.bloomberg.com/news/terminal/OKFTHW6K50XV: time data 'terminal' does not match format '%Y-%m-%d'
Failed to scrape https://www.bloomberg.com/news/terminal/OKFWZYAIH8N7: time data 'terminal' does not match format '%Y-%m-%d'
Empty Article in {'article': '',
 'date': '2016-09-12 00:00:00',
 'link': 'https://www.bloomberg.com/news/videos/2016-09-12/vw-far-from-fully-overcoming-crisis-says-cfo-witter',
 'title': u'VW Far From Fully Overcoming Crisis, Says CFO Witter  - Bloomberg'}
Failed to scrape https://www.bloomberg.com/news/terminal/KQ40IE1A1I4H: time data 'terminal' does not match format '%Y-%m-%d'
Failed to scrape https://www.bloomberg.com/news/terminal/OE81KH6JTSE8: time data 'terminal' does not match format '%Y-%m-%d'
Failed to scrape https://www.bloomberg.com/news/terminal/OHBQQD3HBS3K: time data 'terminal' does not match format '%Y-%m-%d'
Failed to scrape https://www.bloomberg.com/news/terminal/OALVXN5F8XS0: time data 'terminal' does not match format '%Y-%m-%d'
Failed to scrape https://www.bloomberg.com/news/terminal/OHCXDJ6KLVRS: time data 'terminal' does not match format '%Y-%m-%d'
Failed to scrape https://www.bloomberg.com/news/terminal/OP2USR6K50XU: time data 'terminal' does not match format '%Y-%m-%d'
Empty Article in {'article': '',
 'date': '2016-11-23 00:00:00',
 'link': 'https://www.bloomberg.com/news/videos/2016-11-23/scaramucci-regulation-tries-to-make-society-too-safe',
 'title': u"Scaramucci: SEC Chair 'Not the Right Job for Me'  - Bloomberg"}
Failed to scrape https://www.bloomberg.com/news/terminal/OKMFCR3H65TS: time data 'terminal' does not match format '%Y-%m-%d'
Failed to scrape https://www.bloomberg.com/news/terminal/OHAK996K50XS: time data 'terminal' does not match format '%Y-%m-%d'
Failed to scrape https://www.bloomberg.com/news/terminal/E97BK41A1I4I: time data 'terminal' does not match format '%Y-%m-%d'
Empty Article in {'article': '',
 'date': '2017-06-22 00:00:00',
 'link': 'https://www.bloomberg.com/news/videos/2017-06-22/why-ubs-tay-sees-a-recovery-in-oil-prices-video',
 'title': u"Why UBS' Tay Sees a Recovery in Oil Prices - Bloomberg"}
Empty Article in {'article': '',
 'date': '2017-06-22 00:00:00',
 'link': 'https://www.bloomberg.com/news/videos/2017-06-22/bloomberg-markets-the-trump-economy-6-22-video',
 'title': u'Bloomberg Markets: The Trump Economy 6/22 - Bloomberg'}
Failed to scrape https://www.bloomberg.com/news/terminal/NJKXFB3PWT1E: time data 'terminal' does not match format '%Y-%m-%d'
Failed to scrape https://www.bloomberg.com/news/terminal/MOEESH6JIJXQ: time data 'terminal' does not match format '%Y-%m-%d'
Failed to scrape https://www.bloomberg.com/news/terminal/OFWP40MEQTXI: time data 'terminal' does not match format '%Y-%m-%d'
Failed to scrape https://www.bloomberg.com/news/terminal/OHXFLK6VDKHT: time data 'terminal' does not match format '%Y-%m-%d'
Failed to scrape https://www.bloomberg.com/news/terminal/OFWS526VDKHU: time data 'terminal' does not match format '%Y-%m-%d'
Failed to scrape https://www.bloomberg.com/news/terminal/OK99Y66JIJUV: time data 'terminal' does not match format '%Y-%m-%d'
Failed to scrape https://www.bloomberg.com/news/terminal/OKCPXT0OYZHT: time data 'terminal' does not match format '%Y-%m-%d'
Failed to scrape https://www.bloomberg.com/news/terminal/OMG9AC6S9729: time data 'terminal' does not match format '%Y-%m-%d'
Failed to scrape https://www.bloomberg.com/news/terminal/OJD1I43T6SQO: time data 'terminal' does not match format '%Y-%m-%d'
Failed to scrape https://www.bloomberg.com/news/terminal/OKWRL83PWT1D: time data 'terminal' does not match format '%Y-%m-%d'
Failed to scrape https://www.bloomberg.com/news/terminal/OKTM1FSYF01S: time data 'terminal' does not match format '%Y-%m-%d'
Failed to scrape https://www.bloomberg.com/news/terminal/OMG1ZBAIH8N4: time data 'terminal' does not match format '%Y-%m-%d'
Failed to scrape https://www.bloomberg.com/news/terminal/OMG69GAIH8N8: time data 'terminal' does not match format '%Y-%m-%d'
Failed to scrape https://www.bloomberg.com/news/terminal/OMG61YAIH8N4: time data 'terminal' does not match format '%Y-%m-%d'
Failed to scrape https://www.bloomberg.com/news/terminal/JIUQ3D07SXKX: time data 'terminal' does not match format '%Y-%m-%d'
Failed to scrape https://www.bloomberg.com/news/terminal/JRM4TB076GHU: time data 'terminal' does not match format '%Y-%m-%d'
Failed to scrape https://www.bloomberg.com/news/terminal/G3XQJF07SXKX: time data 'terminal' does not match format '%Y-%m-%d'
Failed to scrape https://www.bloomberg.com/news/terminal/GO6207076GHT: time data 'terminal' does not match format '%Y-%m-%d'
Failed to scrape https://www.bloomberg.com/news/terminal/OADQIE3H0JK0: time data 'terminal' does not match format '%Y-%m-%d'
Failed to scrape https://www.bloomberg.com/news/terminal/OFM9AP6KLVRY: time data 'terminal' does not match format '%Y-%m-%d'
Failed to scrape https://www.bloomberg.com/news/terminal/OFCJW46K50XT: time data 'terminal' does not match format '%Y-%m-%d'
Failed to scrape https://www.bloomberg.com/news/terminal/OK9LYA6JIJUO: time data 'terminal' does not match format '%Y-%m-%d'
Failed to scrape https://www.bloomberg.com/news/terminal/OBA6Z53V2800: time data 'terminal' does not match format '%Y-%m-%d'
Failed to scrape https://www.bloomberg.com/news/terminal/OAY1YR3H0JK0: time data 'terminal' does not match format '%Y-%m-%d'
Failed to scrape https://www.bloomberg.com/news/terminal/OA0SAJ3H0JK0: time data 'terminal' does not match format '%Y-%m-%d'
Failed to scrape https://www.bloomberg.com/news/terminal/OAK03A6S972J: time data 'terminal' does not match format '%Y-%m-%d'
Failed to scrape https://www.bloomberg.com/news/terminal/OB1V096KLVRQ: time data 'terminal' does not match format '%Y-%m-%d'
Failed to scrape https://www.bloomberg.com/news/terminal/OBDNSL6KLVRC: time data 'terminal' does not match format '%Y-%m-%d'
Failed to scrape https://www.bloomberg.com/news/terminal/OCEPFT6TTDSC: time data 'terminal' does not match format '%Y-%m-%d'
Failed to scrape https://www.bloomberg.com/news/terminal/ODYBKA6JIJUU: time data 'terminal' does not match format '%Y-%m-%d'
Failed to scrape https://www.bloomberg.com/news/terminal/OABAF36K50Y8: time data 'terminal' does not match format '%Y-%m-%d'
Failed to scrape https://www.bloomberg.com/news/terminal/ODYVHV6JTSEA: time data 'terminal' does not match format '%Y-%m-%d'
Failed to scrape https://www.bloomberg.com/news/terminal/O9WND46LUTYK: time data 'terminal' does not match format '%Y-%m-%d'
Failed to scrape https://www.bloomberg.com/news/terminal/O8KMTQ3HBS3K: time data 'terminal' does not match format '%Y-%m-%d'
Failed to scrape https://www.bloomberg.com/news/terminal/O9YSQB6TTDSC: time data 'terminal' does not match format '%Y-%m-%d'
Failed to scrape https://www.bloomberg.com/news/terminal/OIJMWU6S972J: time data 'terminal' does not match format '%Y-%m-%d'
Failed to scrape https://www.bloomberg.com/news/terminal/ODYSGXBE07IF: time data 'terminal' does not match format '%Y-%m-%d'
Failed to scrape https://www.bloomberg.com/news/terminal/KC14GI07SXKY: time data 'terminal' does not match format '%Y-%m-%d'
Failed to scrape https://www.bloomberg.com/news/terminal/OD4HQP6JIJV8: time data 'terminal' does not match format '%Y-%m-%d'
Failed to scrape https://www.bloomberg.com/news/terminal/OD34PI6S972Y: time data 'terminal' does not match format '%Y-%m-%d'
Failed to scrape https://www.bloomberg.com/news/terminal/OJ9IDS3MSFLS: time data 'terminal' does not match format '%Y-%m-%d'
Failed to scrape https://www.bloomberg.com/news/terminal/OGB2106TZ026: time data 'terminal' does not match format '%Y-%m-%d'
Failed to scrape https://www.bloomberg.com/news/terminal/OGB3H86S972O: time data 'terminal' does not match format '%Y-%m-%d'
Failed to scrape https://www.bloomberg.com/news/terminal/OA8OU16JTSED: time data 'terminal' does not match format '%Y-%m-%d'
Failed to scrape https://www.bloomberg.com/news/terminal/N83SJL6KLVRM: time data 'terminal' does not match format '%Y-%m-%d'
Failed to scrape https://www.bloomberg.com/news/terminal/OG0HJS6K50XW: time data 'terminal' does not match format '%Y-%m-%d'
Failed to scrape https://www.bloomberg.com/news/terminal/OG9QA56TTDT0: time data 'terminal' does not match format '%Y-%m-%d'
Failed to scrape https://www.bloomberg.com/news/terminal/OJ7EQBBE5TS3: time data 'terminal' does not match format '%Y-%m-%d'
Failed to scrape https://www.bloomberg.com/news/terminal/OJ9BNXBE5TS5: time data 'terminal' does not match format '%Y-%m-%d'
Failed to scrape https://www.bloomberg.com/news/terminal/OFW74O6K50XX: time data 'terminal' does not match format '%Y-%m-%d'
Failed to scrape https://www.bloomberg.com/news/terminal/OBLALX6S9732: time data 'terminal' does not match format '%Y-%m-%d'
Failed to scrape https://www.bloomberg.com/news/terminal/O9KP5Y6TTDSD: time data 'terminal' does not match format '%Y-%m-%d'
Failed to scrape https://www.bloomberg.com/news/terminal/NZDHAW6JIJV2: time data 'terminal' does not match format '%Y-%m-%d'
Failed to scrape https://www.bloomberg.com/news/terminal/OJHAC13MSFLS: time data 'terminal' does not match format '%Y-%m-%d'
Failed to scrape https://www.bloomberg.com/news/terminal/OFDHDK6K50Y6: time data 'terminal' does not match format '%Y-%m-%d'
Failed to scrape https://www.bloomberg.com/news/terminal/OEZ3TQ6JIJUT: time data 'terminal' does not match format '%Y-%m-%d'
Failed to scrape https://www.bloomberg.com/news/terminal/JV3V5G076GHU: time data 'terminal' does not match format '%Y-%m-%d'
Failed to scrape https://www.bloomberg.com/news/terminal/OBQIXM6TTDS6: time data 'terminal' does not match format '%Y-%m-%d'
Failed to scrape https://www.bloomberg.com/news/terminal/OAQ48V3PWT1D: time data 'terminal' does not match format '%Y-%m-%d'
Failed to scrape https://www.bloomberg.com/news/terminal/OEYF453PWT1D: time data 'terminal' does not match format '%Y-%m-%d'
Failed to scrape https://www.bloomberg.com/news/terminal/O7QEJ66K50YY: time data 'terminal' does not match format '%Y-%m-%d'
Failed to scrape https://www.bloomberg.com/news/terminal/OA952P6KLVR6: time data 'terminal' does not match format '%Y-%m-%d'
Failed to scrape https://www.bloomberg.com/news/terminal/OBQW8D6KLVRY: time data 'terminal' does not match format '%Y-%m-%d'
Failed to scrape https://www.bloomberg.com/news/terminal/OBQZCZSYF01T: time data 'terminal' does not match format '%Y-%m-%d'
Failed to scrape https://www.bloomberg.com/news/terminal/OGSGM33PR6RL: time data 'terminal' does not match format '%Y-%m-%d'
Failed to scrape https://www.bloomberg.com/news/terminal/O1583SSYF01S: time data 'terminal' does not match format '%Y-%m-%d'
Failed to scrape https://www.bloomberg.com/news/terminal/O9GX523MMTC0: time data 'terminal' does not match format '%Y-%m-%d'
Failed to scrape https://www.bloomberg.com/news/terminal/OBP9RU6TTDSB: time data 'terminal' does not match format '%Y-%m-%d'
Failed to scrape https://www.bloomberg.com/news/terminal/OD6QVW3PR6RL: time data 'terminal' does not match format '%Y-%m-%d'
Failed to scrape https://www.bloomberg.com/news/terminal/O9HG4J3MMTC1: time data 'terminal' does not match format '%Y-%m-%d'
Failed to scrape https://www.bloomberg.com/news/terminal/MC28MY6JTSF3: time data 'terminal' does not match format '%Y-%m-%d'
Failed to scrape https://www.bloomberg.com/news/terminal/OB2G1W6S9728: time data 'terminal' does not match format '%Y-%m-%d'
Failed to scrape https://www.bloomberg.com/news/terminal/OANXAC3MMTC0: time data 'terminal' does not match format '%Y-%m-%d'
Failed to scrape https://www.bloomberg.com/news/terminal/O8VBGP6TTDSK: time data 'terminal' does not match format '%Y-%m-%d'
Failed to scrape https://www.bloomberg.com/news/terminal/N4YQU86JTSEF: time data 'terminal' does not match format '%Y-%m-%d'
Failed to scrape https://www.bloomberg.com/news/terminal/O83LDA6JTSEU: time data 'terminal' does not match format '%Y-%m-%d'
Failed to scrape https://www.bloomberg.com/news/terminal/O8JZ0A6KLVRG: time data 'terminal' does not match format '%Y-%m-%d'
Failed to scrape https://www.bloomberg.com/news/terminal/O96E2P6K50YN: time data 'terminal' does not match format '%Y-%m-%d'
Failed to scrape https://www.bloomberg.com/news/terminal/OC03ROMEQTXC: time data 'terminal' does not match format '%Y-%m-%d'
Failed to scrape https://www.bloomberg.com/news/terminal/O9G6F0MEWG74: time data 'terminal' does not match format '%Y-%m-%d'
Failed to scrape https://www.bloomberg.com/news/terminal/OFWYNN6JIJW8: time data 'terminal' does not match format '%Y-%m-%d'
Failed to scrape https://www.bloomberg.com/news/terminal/O9LRVF6S9728: time data 'terminal' does not match format '%Y-%m-%d'
Failed to scrape https://www.bloomberg.com/news/terminal/O9Y1XP6JIJUU: time data 